<?xml version="1.0" encoding="UTF-8"?>
<testng-results ignored="0" total="5" passed="5" failed="0" skipped="0">
  <reporter-output>
  </reporter-output>
  <suite started-at="2020-11-19T19:00:41 EST" name="Default suite" finished-at="2020-11-19T19:00:59 EST" duration-ms="17184">
    <groups>
    </groups>
    <test started-at="2020-11-19T19:00:41 EST" name="Default test" finished-at="2020-11-19T19:00:59 EST" duration-ms="17184">
      <class name="Sprint1.Day1">
        <test-method is-config="true" signature="setup()[pri:0, instance:Sprint1.Day1@46fa7c39]" started-at="2020-11-19T19:00:41 EST" name="setup" finished-at="2020-11-19T19:00:51 EST" duration-ms="9744" status="PASS">
          <reporter-output>
          </reporter-output>
        </test-method> <!-- setup -->
        <test-method signature="getUrl()[pri:0, instance:Sprint1.Day1@46fa7c39]" started-at="2020-11-19T19:00:51 EST" name="getUrl" finished-at="2020-11-19T19:00:54 EST" duration-ms="2680" status="PASS">
          <reporter-output>
          </reporter-output>
        </test-method> <!-- getUrl -->
        <test-method signature="verifyHomepageTitle()[pri:0, instance:Sprint1.Day1@46fa7c39]" started-at="2020-11-19T19:00:54 EST" name="verifyHomepageTitle" finished-at="2020-11-19T19:00:56 EST" duration-ms="1878" status="PASS">
          <reporter-output>
          </reporter-output>
        </test-method> <!-- verifyHomepageTitle -->
        <test-method signature="verifySigninPage()[pri:1, instance:Sprint1.Day1@46fa7c39]" started-at="2020-11-19T19:00:56 EST" name="verifySigninPage" finished-at="2020-11-19T19:00:59 EST" duration-ms="2780" status="PASS">
          <reporter-output>
          </reporter-output>
        </test-method> <!-- verifySigninPage -->
        <test-method signature="verifySignupForm()[pri:2, instance:Sprint1.Day1@46fa7c39]" started-at="2020-11-19T19:00:59 EST" name="verifySignupForm" finished-at="2020-11-19T19:00:59 EST" duration-ms="17" status="PASS">
          <reporter-output>
          </reporter-output>
        </test-method> <!-- verifySignupForm -->
        <test-method signature="verifyAuthentificForm()[pri:3, instance:Sprint1.Day1@46fa7c39]" started-at="2020-11-19T19:00:59 EST" name="verifyAuthentificForm" finished-at="2020-11-19T19:00:59 EST" duration-ms="15" status="PASS">
          <reporter-output>
          </reporter-output>
        </test-method> <!-- verifyAuthentificForm -->
        <test-method is-config="true" signature="closeBrowser()[pri:0, instance:Sprint1.Day1@46fa7c39]" started-at="2020-11-19T19:00:59 EST" name="closeBrowser" finished-at="2020-11-19T19:00:59 EST" duration-ms="43" status="PASS">
          <reporter-output>
          </reporter-output>
        </test-method> <!-- closeBrowser -->
      </class> <!-- Sprint1.Day1 -->
    </test> <!-- Default test -->
  </suite> <!-- Default suite -->
</testng-results>
