<?xml version="1.0" encoding="UTF-8"?>
<!-- Generated by org.testng.reporters.JUnitXMLReporter -->
<testsuite ignored="0" hostname="DESKTOP-CQ5J57P" failures="0" tests="5" name="Default test" time="17.184" errors="0" timestamp="2020-11-19T19:00:59 EST">
  <testcase classname="Sprint1.Day1" name="getUrl" time="2.68"/>
  <testcase classname="Sprint1.Day1" name="verifyHomepageTitle" time="1.878"/>
  <testcase classname="Sprint1.Day1" name="verifySigninPage" time="2.78"/>
  <testcase classname="Sprint1.Day1" name="verifySignupForm" time="0.017"/>
  <testcase classname="Sprint1.Day1" name="verifyAuthentificForm" time="0.015"/>
</testsuite> <!-- Default test -->
